# JRE version: Java(TM) SE Runtime Environment (8.0_66-b17) (build 1.8.0_66-b17)
# Java VM: Java HotSpot(TM) Client VM (25.66-b17 mixed mode windows-x86 )
Heap:
 def new generation   total 39424K, used 32000K [0x04c00000, 0x076c0000, 0x0f6a0000)
  eden space 35072K,  90% used [0x04c00000, 0x06b29490, 0x06e40000)
  from space 4352K,   2% used [0x06e40000, 0x06e56e98, 0x07280000)
  to   space 4352K,   0% used [0x07280000, 0x07280000, 0x076c0000)
 tenured generation   total 87424K, used 35982K [0x0f6a0000, 0x14c00000, 0x24c00000)
   the space 87424K,  41% used [0x0f6a0000, 0x119c3b20, 0x119c3c00, 0x14c00000)
 Metaspace       used 18925K, capacity 19359K, committed 19456K, reserved 19840K
GC Heap History (10 events):
Event: 60105.345 GC heap before
{Heap before GC invocations=18 (full 1):
 def new generation   total 39424K, used 35161K [0x04c00000, 0x076c0000, 0x0f6a0000)
  eden space 35072K, 100% used [0x04c00000, 0x06e40000, 0x06e40000)
  from space 4352K,   2% used [0x07280000, 0x07296648, 0x076c0000)
  to   space 4352K,   0% used [0x06e40000, 0x06e40000, 0x07280000)
 tenured generation   total 87424K, used 35982K [0x0f6a0000, 0x14c00000, 0x24c00000)
   the space 87424K,  41% used [0x0f6a0000, 0x119c3b20, 0x119c3c00, 0x14c00000)
 Metaspace       used 18925K, capacity 19359K, committed 19456K, reserved 19840K
Event: 60105.347 GC heap after
Heap after GC invocations=19 (full 1):
 def new generation   total 39424K, used 98K [0x04c00000, 0x076c0000, 0x0f6a0000)
  eden space 35072K,   0% used [0x04c00000, 0x04c00000, 0x06e40000)
  from space 4352K,   2% used [0x06e40000, 0x06e58930, 0x07280000)
  to   space 4352K,   0% used [0x07280000, 0x07280000, 0x076c0000)
 tenured generation   total 87424K, used 35982K [0x0f6a0000, 0x14c00000, 0x24c00000)
   the space 87424K,  41% used [0x0f6a0000, 0x119c3b20, 0x119c3c00, 0x14c00000)
 Metaspace       used 18925K, capacity 19359K, committed 19456K, reserved 19840K
}
Event: 60776.285 GC heap before
{Heap before GC invocations=19 (full 1):
 def new generation   total 39424K, used 35170K [0x04c00000, 0x076c0000, 0x0f6a0000)
  eden space 35072K, 100% used [0x04c00000, 0x06e40000, 0x06e40000)
  from space 4352K,   2% used [0x06e40000, 0x06e58930, 0x07280000)
  to   space 4352K,   0% used [0x07280000, 0x07280000, 0x076c0000)
 tenured generation   total 87424K, used 35982K [0x0f6a0000, 0x14c00000, 0x24c00000)
   the space 87424K,  41% used [0x0f6a0000, 0x119c3b20, 0x119c3c00, 0x14c00000)
 Metaspace       used 18925K, capacity 19359K, committed 19456K, reserved 19840K
Event: 60776.287 GC heap after
Heap after GC invocations=20 (full 1):
 def new generation   total 39424K, used 97K [0x04c00000, 0x076c0000, 0x0f6a0000)
  eden space 35072K,   0% used [0x04c00000, 0x04c00000, 0x06e40000)
  from space 4352K,   2% used [0x07280000, 0x07298720, 0x076c0000)
  to   space 4352K,   0% used [0x06e40000, 0x06e40000, 0x07280000)
 tenured generation   total 87424K, used 35982K [0x0f6a0000, 0x14c00000, 0x24c00000)
   the space 87424K,  41% used [0x0f6a0000, 0x119c3b20, 0x119c3c00, 0x14c00000)
 Metaspace       used 18925K, capacity 19359K, committed 19456K, reserved 19840K
}
Event: 61535.546 GC heap before
{Heap before GC invocations=20 (full 1):
 def new generation   total 39424K, used 35169K [0x04c00000, 0x076c0000, 0x0f6a0000)
  eden space 35072K, 100% used [0x04c00000, 0x06e40000, 0x06e40000)
  from space 4352K,   2% used [0x07280000, 0x07298720, 0x076c0000)
  to   space 4352K,   0% used [0x06e40000, 0x06e40000, 0x07280000)
 tenured generation   total 87424K, used 35982K [0x0f6a0000, 0x14c00000, 0x24c00000)
   the space 87424K,  41% used [0x0f6a0000, 0x119c3b20, 0x119c3c00, 0x14c00000)
 Metaspace       used 18925K, capacity 19359K, committed 19456K, reserved 19840K
Event: 61535.548 GC heap after
Heap after GC invocations=21 (full 1):
 def new generation   total 39424K, used 89K [0x04c00000, 0x076c0000, 0x0f6a0000)
  eden space 35072K,   0% used [0x04c00000, 0x04c00000, 0x06e40000)
  from space 4352K,   2% used [0x06e40000, 0x06e56708, 0x07280000)
  to   space 4352K,   0% used [0x07280000, 0x07280000, 0x076c0000)
 tenured generation   total 87424K, used 35982K [0x0f6a0000, 0x14c00000, 0x24c00000)
   the space 87424K,  41% used [0x0f6a0000, 0x119c3b20, 0x119c3c00, 0x14c00000)
 Metaspace       used 18925K, capacity 19359K, committed 19456K, reserved 19840K
}
Event: 62334.821 GC heap before
{Heap before GC invocations=21 (full 1):
 def new generation   total 39424K, used 35161K [0x04c00000, 0x076c0000, 0x0f6a0000)
  eden space 35072K, 100% used [0x04c00000, 0x06e40000, 0x06e40000)
  from space 4352K,   2% used [0x06e40000, 0x06e56708, 0x07280000)
  to   space 4352K,   0% used [0x07280000, 0x07280000, 0x076c0000)
 tenured generation   total 87424K, used 35982K [0x0f6a0000, 0x14c00000, 0x24c00000)
   the space 87424K,  41% used [0x0f6a0000, 0x119c3b20, 0x119c3c00, 0x14c00000)
 Metaspace       used 18925K, capacity 19359K, committed 19456K, reserved 19840K
Event: 62334.823 GC heap after
Heap after GC invocations=22 (full 1):
 def new generation   total 39424K, used 89K [0x04c00000, 0x076c0000, 0x0f6a0000)
  eden space 35072K,   0% used [0x04c00000, 0x04c00000, 0x06e40000)
  from space 4352K,   2% used [0x07280000, 0x07296720, 0x076c0000)
  to   space 4352K,   0% used [0x06e40000, 0x06e40000, 0x07280000)
 tenured generation   total 87424K, used 35982K [0x0f6a0000, 0x14c00000, 0x24c00000)
   the space 87424K,  41% used [0x0f6a0000, 0x119c3b20, 0x119c3c00, 0x14c00000)
 Metaspace       used 18925K, capacity 19359K, committed 19456K, reserved 19840K
}
Event: 63192.959 GC heap before
{Heap before GC invocations=22 (full 1):
 def new generation   total 39424K, used 35161K [0x04c00000, 0x076c0000, 0x0f6a0000)
  eden space 35072K, 100% used [0x04c00000, 0x06e40000, 0x06e40000)
  from space 4352K,   2% used [0x07280000, 0x07296720, 0x076c0000)
  to   space 4352K,   0% used [0x06e40000, 0x06e40000, 0x07280000)
 tenured generation   total 87424K, used 35982K [0x0f6a0000, 0x14c00000, 0x24c00000)
   the space 87424K,  41% used [0x0f6a0000, 0x119c3b20, 0x119c3c00, 0x14c00000)
 Metaspace       used 18925K, capacity 19359K, committed 19456K, reserved 19840K
Event: 63192.960 GC heap after
Heap after GC invocations=23 (full 1):
 def new generation   total 39424K, used 91K [0x04c00000, 0x076c0000, 0x0f6a0000)
  eden space 35072K,   0% used [0x04c00000, 0x04c00000, 0x06e40000)
  from space 4352K,   2% used [0x06e40000, 0x06e56e98, 0x07280000)
  to   space 4352K,   0% used [0x07280000, 0x07280000, 0x076c0000)
 tenured generation   total 87424K, used 35982K [0x0f6a0000, 0x14c00000, 0x24c00000)
   the space 87424K,  41% used [0x0f6a0000, 0x119c3b20, 0x119c3c00, 0x14c00000)
 Metaspace       used 18925K, capacity 19359K, committed 19456K, reserved 19840K
}

